<?xml version="1.0" encoding="UTF-8"?>
<!-- Generated by org.testng.reporters.JUnitReportReporter -->
<testsuite skipped="0" hostname="MacBookPro-1874.local" name="com.mkyong.testng.examples.suite.TestDatabase" tests="4" failures="0" timestamp="2020-03-11T23:44:36 EDT" time="0.061" errors="0">
  <testcase name="testConnectOracle" time="0.009" classname="com.mkyong.testng.examples.suite.TestDatabase"/>
  <system-out/>
  <testcase name="testConnectMongoDB" time="0.016" classname="com.mkyong.testng.examples.suite.TestDatabase"/>
  <system-out/>
  <testcase name="testConnectMySQL" time="0.022" classname="com.mkyong.testng.examples.suite.TestDatabase"/>
  <system-out/>
  <testcase name="testConnectMsSQL" time="0.014" classname="com.mkyong.testng.examples.suite.TestDatabase"/>
  <system-out/>
</testsuite> <!-- com.mkyong.testng.examples.suite.TestDatabase -->
