<?xml version="1.0" encoding="UTF-8"?>
<!-- Generated by org.testng.reporters.JUnitReportReporter -->
<testsuite skipped="0" hostname="MacBookPro-1874.local" name="com.mkyong.testng.examples.suite.TestOrder" tests="2" failures="0" timestamp="2020-03-11T23:45:26 EDT" time="0.008" errors="0">
  <testcase name="testMakeOrder" time="0.006" classname="com.mkyong.testng.examples.suite.TestOrder"/>
  <system-out/>
  <testcase name="testUpdateOrder" time="0.002" classname="com.mkyong.testng.examples.suite.TestOrder"/>
  <system-out/>
</testsuite> <!-- com.mkyong.testng.examples.suite.TestOrder -->
